Build started 10/10/2019 3:32:27 PM.
     1>Project "C:\Users\mehoggan\source\repos\QuadTree\QuadTreeLib\QuadTreeLib.vcxproj" on node 2 (Build target(s)).
     1>InitializeBuildStatus:
         Creating "Debug\QuadTreeLib.tlog\unsuccessfulbuild" because "AlwaysCreate" was specified.
       ClCompile:
         All outputs are up-to-date.
         C:\Program Files (x86)\Microsoft Visual Studio\2019\Community\VC\Tools\MSVC\14.23.28105\bin\HostX86\x86\CL.exe /c /ZI /JMC /nologo /W3 /WX- /diagnostics:column /sdl /Od /Oy- /D WIN32 /D _DEBUG /D QUADTREELIB_EXPORTS /D _WINDOWS /D _USRDLL /D _WINDLL /D _UNICODE /D UNICODE /Gm- /EHsc /RTC1 /MDd /GS /fp:precise /permissive- /Zc:wchar_t /Zc:forScope /Zc:inline /Fo"Debug\\" /Fd"Debug\vc142.pdb" /Gd /TP /analyze- /FC /errorReport:prompt QuadTree.cpp
         QuadTree.cpp
     1>C:\Users\mehoggan\source\repos\QuadTree\QuadTreeLib\QuadTree.cpp(98,26): warning C4244: 'initializing': conversion from 'const _Ty' to 'uint32_t', possible loss of data
C:\Users\mehoggan\source\repos\QuadTree\QuadTreeLib\QuadTree.cpp(98,26): warning C4244:         with
C:\Users\mehoggan\source\repos\QuadTree\QuadTreeLib\QuadTree.cpp(98,26): warning C4244:         [
C:\Users\mehoggan\source\repos\QuadTree\QuadTreeLib\QuadTree.cpp(98,26): warning C4244:             _Ty=uint64_t
C:\Users\mehoggan\source\repos\QuadTree\QuadTreeLib\QuadTree.cpp(98,26): warning C4244:         ]
     1>C:\Users\mehoggan\source\repos\QuadTree\QuadTreeLib\QuadTree.cpp(101,26): warning C4244: 'initializing': conversion from 'const _Ty' to 'uint32_t', possible loss of data
C:\Users\mehoggan\source\repos\QuadTree\QuadTreeLib\QuadTree.cpp(101,26): warning C4244:         with
C:\Users\mehoggan\source\repos\QuadTree\QuadTreeLib\QuadTree.cpp(101,26): warning C4244:         [
C:\Users\mehoggan\source\repos\QuadTree\QuadTreeLib\QuadTree.cpp(101,26): warning C4244:             _Ty=uint64_t
C:\Users\mehoggan\source\repos\QuadTree\QuadTreeLib\QuadTree.cpp(101,26): warning C4244:         ]
     1>C:\Users\mehoggan\source\repos\QuadTree\QuadTreeLib\QuadTree.cpp(144,49): warning C4554: '>>': check operator precedence for possible error; use parentheses to clarify precedence
       Link:
         C:\Program Files (x86)\Microsoft Visual Studio\2019\Community\VC\Tools\MSVC\14.23.28105\bin\HostX86\x86\link.exe /ERRORREPORT:PROMPT /OUT:"C:\Users\mehoggan\source\repos\QuadTree\Debug\QuadTreeLib.dll" /INCREMENTAL /NOLOGO kernel32.lib user32.lib gdi32.lib winspool.lib comdlg32.lib advapi32.lib shell32.lib ole32.lib oleaut32.lib uuid.lib odbc32.lib odbccp32.lib /MANIFEST /MANIFESTUAC:NO /manifest:embed /DEBUG:FASTLINK /PDB:"C:\Users\mehoggan\source\repos\QuadTree\Debug\QuadTreeLib.pdb" /SUBSYSTEM:WINDOWS /TLBID:1 /DYNAMICBASE /NXCOMPAT /IMPLIB:"C:\Users\mehoggan\source\repos\QuadTree\Debug\QuadTreeLib.lib" /MACHINE:X86 /DLL Debug\dllmain.obj
         Debug\pch.obj
         Debug\QuadTree.obj
            Creating library C:\Users\mehoggan\source\repos\QuadTree\Debug\QuadTreeLib.lib and object C:\Users\mehoggan\source\repos\QuadTree\Debug\QuadTreeLib.exp
         QuadTreeLib.vcxproj -> C:\Users\mehoggan\source\repos\QuadTree\Debug\QuadTreeLib.dll
       FinalizeBuildStatus:
         Deleting file "Debug\QuadTreeLib.tlog\unsuccessfulbuild".
         Touching "Debug\QuadTreeLib.tlog\QuadTreeLib.lastbuildstate".
     1>Done Building Project "C:\Users\mehoggan\source\repos\QuadTree\QuadTreeLib\QuadTreeLib.vcxproj" (Build target(s)).

Build succeeded.

       "C:\Users\mehoggan\source\repos\QuadTree\QuadTreeLib\QuadTreeLib.vcxproj" (Build target) (1) ->
       (ClCompile target) -> 
         C:\Users\mehoggan\source\repos\QuadTree\QuadTreeLib\QuadTree.cpp(98,26): warning C4244: 'initializing': conversion from 'const _Ty' to 'uint32_t', possible loss of data
       C:\Users\mehoggan\source\repos\QuadTree\QuadTreeLib\QuadTree.cpp(98,26): warning C4244:         with
       C:\Users\mehoggan\source\repos\QuadTree\QuadTreeLib\QuadTree.cpp(98,26): warning C4244:         [
       C:\Users\mehoggan\source\repos\QuadTree\QuadTreeLib\QuadTree.cpp(98,26): warning C4244:             _Ty=uint64_t
       C:\Users\mehoggan\source\repos\QuadTree\QuadTreeLib\QuadTree.cpp(98,26): warning C4244:         ]
         C:\Users\mehoggan\source\repos\QuadTree\QuadTreeLib\QuadTree.cpp(101,26): warning C4244: 'initializing': conversion from 'const _Ty' to 'uint32_t', possible loss of data
       C:\Users\mehoggan\source\repos\QuadTree\QuadTreeLib\QuadTree.cpp(101,26): warning C4244:         with
       C:\Users\mehoggan\source\repos\QuadTree\QuadTreeLib\QuadTree.cpp(101,26): warning C4244:         [
       C:\Users\mehoggan\source\repos\QuadTree\QuadTreeLib\QuadTree.cpp(101,26): warning C4244:             _Ty=uint64_t
       C:\Users\mehoggan\source\repos\QuadTree\QuadTreeLib\QuadTree.cpp(101,26): warning C4244:         ]
         C:\Users\mehoggan\source\repos\QuadTree\QuadTreeLib\QuadTree.cpp(144,49): warning C4554: '>>': check operator precedence for possible error; use parentheses to clarify precedence

    3 Warning(s)
    0 Error(s)

Time Elapsed 00:00:02.62
