Build started 10/11/2019 9:49:50 PM.
     1>Project "C:\Users\mehoggan\source\repos\QuadTree\QuadTreeLib\QuadTreeLib.vcxproj" on node 2 (Build target(s)).
     1>InitializeBuildStatus:
         Creating "x64\Debug\QuadTreeLib.tlog\unsuccessfulbuild" because "AlwaysCreate" was specified.
       ClCompile:
         All outputs are up-to-date.
         C:\Program Files (x86)\Microsoft Visual Studio\2019\Community\VC\Tools\MSVC\14.23.28105\bin\HostX86\x64\CL.exe /c /ZI /JMC /nologo /W3 /WX- /diagnostics:column /sdl /Od /D _DEBUG /D QUADTREELIB_EXPORTS /D _WINDOWS /D _USRDLL /D _WINDLL /D _UNICODE /D UNICODE /Gm- /EHsc /RTC1 /MDd /GS /fp:precise /permissive- /Zc:wchar_t /Zc:forScope /Zc:inline /Fo"x64\Debug\\" /Fd"x64\Debug\vc142.pdb" /Gd /TP /FC /errorReport:prompt QuadTree.cpp
         QuadTree.cpp
     1>C:\Users\mehoggan\source\repos\QuadTree\QuadTreeLib\QuadTree.h(84,39): warning C4251: 'QuadTree::Node::points_': class 'std::vector<detail::Point,std::allocator<_Ty>>' needs to have dll-interface to be used by clients of struct 'QuadTree::Node'
C:\Users\mehoggan\source\repos\QuadTree\QuadTreeLib\QuadTree.h(84,39): warning C4251:         with
C:\Users\mehoggan\source\repos\QuadTree\QuadTreeLib\QuadTree.h(84,39): warning C4251:         [
C:\Users\mehoggan\source\repos\QuadTree\QuadTreeLib\QuadTree.h(84,39): warning C4251:             _Ty=detail::Point
C:\Users\mehoggan\source\repos\QuadTree\QuadTreeLib\QuadTree.h(84,39): warning C4251:         ]
       C:\Users\mehoggan\source\repos\QuadTree\QuadTreeLib\QuadTree.h(84): message : see declaration of 'std::vector<detail::Point,std::allocator<_Ty>>'
       C:\Users\mehoggan\source\repos\QuadTree\QuadTreeLib\QuadTree.h(84): message :         with
       C:\Users\mehoggan\source\repos\QuadTree\QuadTreeLib\QuadTree.h(84): message :         [
       C:\Users\mehoggan\source\repos\QuadTree\QuadTreeLib\QuadTree.h(84): message :             _Ty=detail::Point
       C:\Users\mehoggan\source\repos\QuadTree\QuadTreeLib\QuadTree.h(84): message :         ]
     1>C:\Users\mehoggan\source\repos\QuadTree\QuadTreeLib\QuadTree.cpp(99,26): warning C4244: 'initializing': conversion from 'const _Ty' to 'uint32_t', possible loss of data
C:\Users\mehoggan\source\repos\QuadTree\QuadTreeLib\QuadTree.cpp(99,26): warning C4244:         with
C:\Users\mehoggan\source\repos\QuadTree\QuadTreeLib\QuadTree.cpp(99,26): warning C4244:         [
C:\Users\mehoggan\source\repos\QuadTree\QuadTreeLib\QuadTree.cpp(99,26): warning C4244:             _Ty=uint64_t
C:\Users\mehoggan\source\repos\QuadTree\QuadTreeLib\QuadTree.cpp(99,26): warning C4244:         ]
     1>C:\Users\mehoggan\source\repos\QuadTree\QuadTreeLib\QuadTree.cpp(102,26): warning C4244: 'initializing': conversion from 'const _Ty' to 'uint32_t', possible loss of data
C:\Users\mehoggan\source\repos\QuadTree\QuadTreeLib\QuadTree.cpp(102,26): warning C4244:         with
C:\Users\mehoggan\source\repos\QuadTree\QuadTreeLib\QuadTree.cpp(102,26): warning C4244:         [
C:\Users\mehoggan\source\repos\QuadTree\QuadTreeLib\QuadTree.cpp(102,26): warning C4244:             _Ty=uint64_t
C:\Users\mehoggan\source\repos\QuadTree\QuadTreeLib\QuadTree.cpp(102,26): warning C4244:         ]
     1>C:\Users\mehoggan\source\repos\QuadTree\QuadTreeLib\QuadTree.cpp(145,49): warning C4554: '>>': check operator precedence for possible error; use parentheses to clarify precedence
       Link:
         C:\Program Files (x86)\Microsoft Visual Studio\2019\Community\VC\Tools\MSVC\14.23.28105\bin\HostX86\x64\link.exe /ERRORREPORT:PROMPT /OUT:"C:\Users\mehoggan\source\repos\QuadTree\x64\Debug\QuadTreeLib.dll" /INCREMENTAL /NOLOGO kernel32.lib user32.lib gdi32.lib winspool.lib comdlg32.lib advapi32.lib shell32.lib ole32.lib oleaut32.lib uuid.lib odbc32.lib odbccp32.lib /MANIFEST /MANIFESTUAC:NO /manifest:embed /DEBUG:FASTLINK /PDB:"C:\Users\mehoggan\source\repos\QuadTree\x64\Debug\QuadTreeLib.pdb" /SUBSYSTEM:WINDOWS /TLBID:1 /DYNAMICBASE /NXCOMPAT /IMPLIB:"C:\Users\mehoggan\source\repos\QuadTree\x64\Debug\QuadTreeLib.lib" /MACHINE:X64 /DLL x64\Debug\dllmain.obj
         x64\Debug\pch.obj
         x64\Debug\QuadTree.obj
            Creating library C:\Users\mehoggan\source\repos\QuadTree\x64\Debug\QuadTreeLib.lib and object C:\Users\mehoggan\source\repos\QuadTree\x64\Debug\QuadTreeLib.exp
         QuadTreeLib.vcxproj -> C:\Users\mehoggan\source\repos\QuadTree\x64\Debug\QuadTreeLib.dll
       FinalizeBuildStatus:
         Deleting file "x64\Debug\QuadTreeLib.tlog\unsuccessfulbuild".
         Touching "x64\Debug\QuadTreeLib.tlog\QuadTreeLib.lastbuildstate".
     1>Done Building Project "C:\Users\mehoggan\source\repos\QuadTree\QuadTreeLib\QuadTreeLib.vcxproj" (Build target(s)).

Build succeeded.

       "C:\Users\mehoggan\source\repos\QuadTree\QuadTreeLib\QuadTreeLib.vcxproj" (Build target) (1) ->
       (ClCompile target) -> 
         C:\Users\mehoggan\source\repos\QuadTree\QuadTreeLib\QuadTree.h(84,39): warning C4251: 'QuadTree::Node::points_': class 'std::vector<detail::Point,std::allocator<_Ty>>' needs to have dll-interface to be used by clients of struct 'QuadTree::Node'
       C:\Users\mehoggan\source\repos\QuadTree\QuadTreeLib\QuadTree.h(84,39): warning C4251:         with
       C:\Users\mehoggan\source\repos\QuadTree\QuadTreeLib\QuadTree.h(84,39): warning C4251:         [
       C:\Users\mehoggan\source\repos\QuadTree\QuadTreeLib\QuadTree.h(84,39): warning C4251:             _Ty=detail::Point
       C:\Users\mehoggan\source\repos\QuadTree\QuadTreeLib\QuadTree.h(84,39): warning C4251:         ]
         C:\Users\mehoggan\source\repos\QuadTree\QuadTreeLib\QuadTree.cpp(99,26): warning C4244: 'initializing': conversion from 'const _Ty' to 'uint32_t', possible loss of data
       C:\Users\mehoggan\source\repos\QuadTree\QuadTreeLib\QuadTree.cpp(99,26): warning C4244:         with
       C:\Users\mehoggan\source\repos\QuadTree\QuadTreeLib\QuadTree.cpp(99,26): warning C4244:         [
       C:\Users\mehoggan\source\repos\QuadTree\QuadTreeLib\QuadTree.cpp(99,26): warning C4244:             _Ty=uint64_t
       C:\Users\mehoggan\source\repos\QuadTree\QuadTreeLib\QuadTree.cpp(99,26): warning C4244:         ]
         C:\Users\mehoggan\source\repos\QuadTree\QuadTreeLib\QuadTree.cpp(102,26): warning C4244: 'initializing': conversion from 'const _Ty' to 'uint32_t', possible loss of data
       C:\Users\mehoggan\source\repos\QuadTree\QuadTreeLib\QuadTree.cpp(102,26): warning C4244:         with
       C:\Users\mehoggan\source\repos\QuadTree\QuadTreeLib\QuadTree.cpp(102,26): warning C4244:         [
       C:\Users\mehoggan\source\repos\QuadTree\QuadTreeLib\QuadTree.cpp(102,26): warning C4244:             _Ty=uint64_t
       C:\Users\mehoggan\source\repos\QuadTree\QuadTreeLib\QuadTree.cpp(102,26): warning C4244:         ]
         C:\Users\mehoggan\source\repos\QuadTree\QuadTreeLib\QuadTree.cpp(145,49): warning C4554: '>>': check operator precedence for possible error; use parentheses to clarify precedence

    4 Warning(s)
    0 Error(s)

Time Elapsed 00:00:01.94
