Build started 10/10/2019 3:32:50 PM.
     1>Project "C:\Users\mehoggan\source\repos\QuadTree\QuadTreeLib\QuadTreeLib.vcxproj" on node 2 (Build target(s)).
     1>PrepareForBuild:
         Creating directory "C:\Users\mehoggan\source\repos\QuadTree\x64\Release\".
         Creating directory "x64\Release\QuadTreeLib.tlog\".
       InitializeBuildStatus:
         Creating "x64\Release\QuadTreeLib.tlog\unsuccessfulbuild" because "AlwaysCreate" was specified.
       ClCompile:
         C:\Program Files (x86)\Microsoft Visual Studio\2019\Community\VC\Tools\MSVC\14.23.28105\bin\HostX86\x64\CL.exe /c /Zi /nologo /W3 /WX- /diagnostics:column /sdl /O2 /Oi /GL /D NDEBUG /D QUADTREELIB_EXPORTS /D _WINDOWS /D _USRDLL /D _WINDLL /D _UNICODE /D UNICODE /Gm- /EHsc /MD /GS /Gy /fp:precise /permissive- /Zc:wchar_t /Zc:forScope /Zc:inline /Yc"pch.h" /Fp"x64\Release\QuadTreeLib.pch" /Fo"x64\Release\\" /Fd"x64\Release\vc142.pdb" /Gd /TP /FC /errorReport:prompt pch.cpp
         pch.cpp
         C:\Program Files (x86)\Microsoft Visual Studio\2019\Community\VC\Tools\MSVC\14.23.28105\bin\HostX86\x64\CL.exe /c /Zi /nologo /W3 /WX- /diagnostics:column /sdl /O2 /Oi /GL /D NDEBUG /D QUADTREELIB_EXPORTS /D _WINDOWS /D _USRDLL /D _WINDLL /D _UNICODE /D UNICODE /Gm- /EHsc /MD /GS /Gy /fp:precise /permissive- /Zc:wchar_t /Zc:forScope /Zc:inline /Fo"x64\Release\\" /Fd"x64\Release\vc142.pdb" /Gd /TP /FC /errorReport:prompt dllmain.cpp QuadTree.cpp
         dllmain.cpp
         QuadTree.cpp
     1>C:\Users\mehoggan\source\repos\QuadTree\QuadTreeLib\QuadTree.cpp(98,26): warning C4244: 'initializing': conversion from 'const _Ty' to 'uint32_t', possible loss of data
C:\Users\mehoggan\source\repos\QuadTree\QuadTreeLib\QuadTree.cpp(98,26): warning C4244:         with
C:\Users\mehoggan\source\repos\QuadTree\QuadTreeLib\QuadTree.cpp(98,26): warning C4244:         [
C:\Users\mehoggan\source\repos\QuadTree\QuadTreeLib\QuadTree.cpp(98,26): warning C4244:             _Ty=uint64_t
C:\Users\mehoggan\source\repos\QuadTree\QuadTreeLib\QuadTree.cpp(98,26): warning C4244:         ]
     1>C:\Users\mehoggan\source\repos\QuadTree\QuadTreeLib\QuadTree.cpp(101,26): warning C4244: 'initializing': conversion from 'const _Ty' to 'uint32_t', possible loss of data
C:\Users\mehoggan\source\repos\QuadTree\QuadTreeLib\QuadTree.cpp(101,26): warning C4244:         with
C:\Users\mehoggan\source\repos\QuadTree\QuadTreeLib\QuadTree.cpp(101,26): warning C4244:         [
C:\Users\mehoggan\source\repos\QuadTree\QuadTreeLib\QuadTree.cpp(101,26): warning C4244:             _Ty=uint64_t
C:\Users\mehoggan\source\repos\QuadTree\QuadTreeLib\QuadTree.cpp(101,26): warning C4244:         ]
     1>C:\Users\mehoggan\source\repos\QuadTree\QuadTreeLib\QuadTree.cpp(144,49): warning C4554: '>>': check operator precedence for possible error; use parentheses to clarify precedence
       Link:
         C:\Program Files (x86)\Microsoft Visual Studio\2019\Community\VC\Tools\MSVC\14.23.28105\bin\HostX86\x64\link.exe /ERRORREPORT:PROMPT /OUT:"C:\Users\mehoggan\source\repos\QuadTree\x64\Release\QuadTreeLib.dll" /INCREMENTAL:NO /NOLOGO kernel32.lib user32.lib gdi32.lib winspool.lib comdlg32.lib advapi32.lib shell32.lib ole32.lib oleaut32.lib uuid.lib odbc32.lib odbccp32.lib /MANIFEST /MANIFESTUAC:NO /manifest:embed /DEBUG /PDB:"C:\Users\mehoggan\source\repos\QuadTree\x64\Release\QuadTreeLib.pdb" /SUBSYSTEM:WINDOWS /OPT:REF /OPT:ICF /LTCG:incremental /TLBID:1 /DYNAMICBASE /NXCOMPAT /IMPLIB:"C:\Users\mehoggan\source\repos\QuadTree\x64\Release\QuadTreeLib.lib" /MACHINE:X64 /DLL x64\Release\dllmain.obj
         x64\Release\pch.obj
         x64\Release\QuadTree.obj
            Creating library C:\Users\mehoggan\source\repos\QuadTree\x64\Release\QuadTreeLib.lib and object C:\Users\mehoggan\source\repos\QuadTree\x64\Release\QuadTreeLib.exp
         Generating code
         Previous IPDB not found, fall back to full compilation.
         All 139 functions were compiled because no usable IPDB/IOBJ from previous compilation was found.
         Finished generating code
         QuadTreeLib.vcxproj -> C:\Users\mehoggan\source\repos\QuadTree\x64\Release\QuadTreeLib.dll
       FinalizeBuildStatus:
         Deleting file "x64\Release\QuadTreeLib.tlog\unsuccessfulbuild".
         Touching "x64\Release\QuadTreeLib.tlog\QuadTreeLib.lastbuildstate".
     1>Done Building Project "C:\Users\mehoggan\source\repos\QuadTree\QuadTreeLib\QuadTreeLib.vcxproj" (Build target(s)).

Build succeeded.

       "C:\Users\mehoggan\source\repos\QuadTree\QuadTreeLib\QuadTreeLib.vcxproj" (Build target) (1) ->
       (ClCompile target) -> 
         C:\Users\mehoggan\source\repos\QuadTree\QuadTreeLib\QuadTree.cpp(98,26): warning C4244: 'initializing': conversion from 'const _Ty' to 'uint32_t', possible loss of data
       C:\Users\mehoggan\source\repos\QuadTree\QuadTreeLib\QuadTree.cpp(98,26): warning C4244:         with
       C:\Users\mehoggan\source\repos\QuadTree\QuadTreeLib\QuadTree.cpp(98,26): warning C4244:         [
       C:\Users\mehoggan\source\repos\QuadTree\QuadTreeLib\QuadTree.cpp(98,26): warning C4244:             _Ty=uint64_t
       C:\Users\mehoggan\source\repos\QuadTree\QuadTreeLib\QuadTree.cpp(98,26): warning C4244:         ]
         C:\Users\mehoggan\source\repos\QuadTree\QuadTreeLib\QuadTree.cpp(101,26): warning C4244: 'initializing': conversion from 'const _Ty' to 'uint32_t', possible loss of data
       C:\Users\mehoggan\source\repos\QuadTree\QuadTreeLib\QuadTree.cpp(101,26): warning C4244:         with
       C:\Users\mehoggan\source\repos\QuadTree\QuadTreeLib\QuadTree.cpp(101,26): warning C4244:         [
       C:\Users\mehoggan\source\repos\QuadTree\QuadTreeLib\QuadTree.cpp(101,26): warning C4244:             _Ty=uint64_t
       C:\Users\mehoggan\source\repos\QuadTree\QuadTreeLib\QuadTree.cpp(101,26): warning C4244:         ]
         C:\Users\mehoggan\source\repos\QuadTree\QuadTreeLib\QuadTree.cpp(144,49): warning C4554: '>>': check operator precedence for possible error; use parentheses to clarify precedence

    3 Warning(s)
    0 Error(s)

Time Elapsed 00:00:03.23
